<?xml version="1.0" encoding="UTF-8"?>
<!-- Generated by org.testng.reporters.JUnitReportReporter -->
<testsuite skipped="1" hostname="DESKTOP-E47R17I" name="testNG.SkipTestCase" tests="2" failures="0" timestamp="24 Jan 2019 07:08:40 GMT" time="0.019" errors="0">
  <testcase name="nonSkipTest" time="0.002" classname="testNG.SkipTestCase"/>
  <testcase name="aSkipTest" time="0.017" classname="testNG.SkipTestCase">
    <skipped/>
  </testcase> <!-- aSkipTest -->
</testsuite> <!-- testNG.SkipTestCase -->
