<?xml version="1.0" encoding="UTF-8"?>
<!-- Generated by org.testng.reporters.JUnitReportReporter -->
<testsuite skipped="0" hostname="DESKTOP-E47R17I" name="javapractice.TestngAnnotation" tests="2" failures="0" timestamp="23 Jan 2019 06:38:02 GMT" time="0.016" errors="0">
  <testcase name="testCase1" time="0.009" classname="javapractice.TestngAnnotation"/>
  <testcase name="testCase2" time="0.007" classname="javapractice.TestngAnnotation"/>
</testsuite> <!-- javapractice.TestngAnnotation -->
