<?xml version="1.0" encoding="UTF-8"?>
<!-- Generated by org.testng.reporters.JUnitReportReporter -->
<testsuite skipped="0" hostname="DESKTOP-E47R17I" name="testNGClasses.TestCase1" tests="1" failures="0" timestamp="24 Jan 2019 12:09:03 GMT" time="0.003" errors="0">
  <testcase name="testFB" time="0.003" classname="testNGClasses.TestCase1"/>
</testsuite> <!-- testNGClasses.TestCase1 -->
