<?xml version="1.0" encoding="UTF-8"?>
<!-- Generated by org.testng.reporters.JUnitReportReporter -->
<testsuite skipped="0" hostname="DESKTOP-E47R17I" name="testNG.TestCase1" tests="1" failures="0" timestamp="24 Jan 2019 05:49:47 GMT" time="0.024" errors="0">
  <testcase name="loginTest" time="0.024" classname="testNG.TestCase1"/>
</testsuite> <!-- testNG.TestCase1 -->
