<?xml version="1.0" encoding="UTF-8"?>
<!-- Generated by org.testng.reporters.JUnitReportReporter -->
<testsuite skipped="0" hostname="DESKTOP-E47R17I" name="testNG.DependsOnMethodTestCase1" tests="2" failures="0" timestamp="24 Jan 2019 08:18:20 GMT" time="0.021" errors="0">
  <testcase name="testCase4" time="0.018" classname="testNG.DependsOnMethodTestCase1"/>
  <testcase name="testCase3" time="0.003" classname="testNG.DependsOnMethodTestCase1"/>
</testsuite> <!-- testNG.DependsOnMethodTestCase1 -->
