<?xml version="1.0" encoding="UTF-8"?>
<!-- Generated by org.testng.reporters.JUnitReportReporter -->
<testsuite skipped="0" hostname="DESKTOP-E47R17I" name="testNG.DataProviderTest" tests="3" failures="0" timestamp="23 Jan 2019 16:46:59 GMT" time="0.023" errors="0">
  <testcase name="loginTest" time="0.010" classname="testNG.DataProviderTest"/>
  <testcase name="loginTest" time="0.003" classname="testNG.DataProviderTest"/>
  <testcase name="loginTest" time="0.010" classname="testNG.DataProviderTest"/>
</testsuite> <!-- testNG.DataProviderTest -->
