<?xml version="1.0" encoding="UTF-8"?>
<!-- Generated by org.testng.reporters.JUnitReportReporter -->
<testsuite skipped="0" hostname="DESKTOP-E47R17I" name="testNG.TestCase3" tests="1" failures="0" timestamp="24 Jan 2019 07:26:04 GMT" time="0.014" errors="0">
  <testcase name="printClass1" time="0.014" classname="testNG.TestCase3"/>
</testsuite> <!-- testNG.TestCase3 -->
