<?xml version="1.0" encoding="UTF-8"?>
<!-- Generated by org.testng.reporters.JUnitReportReporter -->
<testsuite skipped="0" hostname="DESKTOP-E47R17I" name="testNGClasses.TestCase2" tests="1" failures="0" timestamp="24 Jan 2019 12:09:03 GMT" time="0.002" errors="0">
  <testcase name="testTwitter" time="0.002" classname="testNGClasses.TestCase2"/>
</testsuite> <!-- testNGClasses.TestCase2 -->
