<?xml version="1.0" encoding="UTF-8"?>
<!-- Generated by org.testng.reporters.JUnitReportReporter -->
<testsuite skipped="0" hostname="DESKTOP-E47R17I" name="testNG.TestCase2" tests="1" failures="0" timestamp="24 Jan 2019 05:56:34 GMT" time="0.013" errors="0">
  <testcase name="composeMail" time="0.013" classname="testNG.TestCase2"/>
</testsuite> <!-- testNG.TestCase2 -->
