<?xml version="1.0" encoding="UTF-8"?>
<!-- Generated by org.testng.reporters.JUnitReportReporter -->
<testsuite skipped="0" hostname="DESKTOP-E47R17I" name="testNG.TestNGException" tests="1" failures="0" timestamp="23 Jan 2019 16:42:51 GMT" time="0.015" errors="0">
  <testcase name="testException" time="0.015" classname="testNG.TestNGException"/>
</testsuite> <!-- testNG.TestNGException -->
