<?xml version="1.0" encoding="UTF-8"?>
<!-- Generated by org.testng.reporters.JUnitReportReporter -->
<testsuite skipped="0" hostname="DESKTOP-E47R17I" name="testNG.TestCase4" tests="1" failures="0" timestamp="24 Jan 2019 07:25:12 GMT" time="0.004" errors="0">
  <testcase name="printClass2" time="0.004" classname="testNG.TestCase4"/>
</testsuite> <!-- testNG.TestCase4 -->
