<?xml version="1.0" encoding="UTF-8"?>
<!-- Generated by org.testng.reporters.JUnitReportReporter -->
<testsuite skipped="0" hostname="DESKTOP-E47R17I" name="testNG.DependsOnMethodTestCase" tests="2" failures="0" timestamp="24 Jan 2019 07:52:23 GMT" time="0.026" errors="0">
  <testcase name="testCase2" time="0.024" classname="testNG.DependsOnMethodTestCase"/>
  <testcase name="testCase1" time="0.002" classname="testNG.DependsOnMethodTestCase"/>
</testsuite> <!-- testNG.DependsOnMethodTestCase -->
