<?xml version="1.0" encoding="UTF-8"?>
<!-- Generated by org.testng.reporters.JUnitReportReporter -->
<testsuite skipped="0" hostname="DESKTOP-E47R17I" name="testNG.PriorityTestCase" tests="2" failures="0" timestamp="23 Jan 2019 15:17:24 GMT" time="0.015" errors="0">
  <testcase name="testCase" time="0.012" classname="testNG.PriorityTestCase"/>
  <testcase name="testCase2" time="0.003" classname="testNG.PriorityTestCase"/>
</testsuite> <!-- testNG.PriorityTestCase -->
